This is pdfTeX, Version 3.141592653-2.6-1.40.29 (TeX Live 2026/Arch Linux) (preloaded format=pdflatex 2026.4.6)  7 APR 2026 23:38
entering extended mode
 restricted \write18 enabled.
 %&-line parsing enabled.
**beta.tex
(./beta.tex
LaTeX2e <2025-11-01>
L3 programming layer <2026-01-19>
(/usr/share/texmf-dist/tex/latex/base/article.cls
Document Class: article 2025/01/22 v1.4n Standard LaTeX document class
(/usr/share/texmf-dist/tex/latex/base/size12.clo
File: size12.clo 2025/01/22 v1.4n Standard LaTeX file (size option)
)
\c@part=\count275
\c@section=\count276
\c@subsection=\count277
\c@subsubsection=\count278
\c@paragraph=\count279
\c@subparagraph=\count280
\c@figure=\count281
\c@table=\count282
\abovecaptionskip=\skip49
\belowcaptionskip=\skip50
\bibindent=\dimen148
) (/usr/share/texmf-dist/tex/latex/natbib/natbib.sty
Package: natbib 2010/09/13 8.31b (PWD, AO)
\bibhang=\skip51
\bibsep=\skip52
LaTeX Info: Redefining \cite on input line 694.
\c@NAT@ctr=\count283
) (/usr/share/texmf-dist/tex/latex/anysize/anysize.sty
Package: anysize 1994/08/13 setting margin sizes

document style option `anysize' loaded
Michael Salzenberg, Thomas Esser, Dirk Hillbrecht
Version 1.0, Aug 13, 1994
\@Leftmargin=\dimen149
\@Rightmargin=\dimen150
\@Topmargin=\dimen151
\@Bottommargin=\dimen152
) (/usr/share/texmf-dist/tex/latex/fancyhdr/fancyhdr.sty
Package: fancyhdr 2025/02/07 v5.2 Extensive control of page headers and footers
\f@nch@headwidth=\skip53
\f@nch@offset@elh=\skip54
\f@nch@offset@erh=\skip55
\f@nch@offset@olh=\skip56
\f@nch@offset@orh=\skip57
\f@nch@offset@elf=\skip58
\f@nch@offset@erf=\skip59
\f@nch@offset@olf=\skip60
\f@nch@offset@orf=\skip61
\f@nch@height=\skip62
\f@nch@footalignment=\skip63
\f@nch@widthL=\skip64
\f@nch@widthC=\skip65
\f@nch@widthR=\skip66
\@temptokenb=\toks17
) (/usr/share/texmf-dist/tex/generic/soul/soul.sty
Package: soul 2023-06-14 v3.1 Permit use of UTF-8 characters in soul (HO)
 (/usr/share/texmf-dist/tex/generic/soul/soul-ori.sty
Package: soul-ori 2023-06-14 v3.1 letterspacing/underlining (mf)
\SOUL@word=\toks18
\SOUL@lasttoken=\toks19
\SOUL@syllable=\toks20
\SOUL@cmds=\toks21
\SOUL@buffer=\toks22
\SOUL@token=\toks23
\SOUL@syllgoal=\dimen153
\SOUL@syllwidth=\dimen154
\SOUL@charkern=\dimen155
\SOUL@hyphkern=\dimen156
\SOUL@dimen=\dimen157
\SOUL@dimeni=\dimen158
\SOUL@minus=\count284
\SOUL@comma=\count285
\SOUL@apo=\count286
\SOUL@grave=\count287
\SOUL@spaceskip=\skip67
\SOUL@ttwidth=\dimen159
\SOUL@uldp=\dimen160
\SOUL@ulht=\dimen161
) (/usr/share/texmf-dist/tex/generic/infwarerr/infwarerr.sty
Package: infwarerr 2019/12/03 v1.5 Providing info/warning/error messages (HO)
) (/usr/share/texmf-dist/tex/generic/etexcmds/etexcmds.sty
Package: etexcmds 2019/12/15 v1.7 Avoid name clashes with e-TeX commands (HO)
 (/usr/share/texmf-dist/tex/generic/iftex/iftex.sty
Package: iftex 2024/12/12 v1.0g TeX engine tests
))) (/usr/share/texmf-dist/tex/latex/xcolor/xcolor.sty
Package: xcolor 2024/09/29 v3.02 LaTeX color extensions (UK)
 (/usr/share/texmf-dist/tex/latex/graphics-cfg/color.cfg
File: color.cfg 2016/01/02 v1.6 sample color configuration
)
Package xcolor Info: Driver file: pdftex.def on input line 274.
 (/usr/share/texmf-dist/tex/latex/graphics-def/pdftex.def
File: pdftex.def 2025/09/29 v1.2d Graphics/color driver for pdftex
) (/usr/share/texmf-dist/tex/latex/graphics/mathcolor.ltx)
Package xcolor Info: Model `cmy' substituted by `cmy0' on input line 1349.
Package xcolor Info: Model `hsb' substituted by `rgb' on input line 1353.
Package xcolor Info: Model `RGB' extended on input line 1365.
Package xcolor Info: Model `HTML' substituted by `rgb' on input line 1367.
Package xcolor Info: Model `Hsb' substituted by `hsb' on input line 1368.
Package xcolor Info: Model `tHsb' substituted by `hsb' on input line 1369.
Package xcolor Info: Model `HSB' substituted by `hsb' on input line 1370.
Package xcolor Info: Model `Gray' substituted by `gray' on input line 1371.
Package xcolor Info: Model `wave' substituted by `hsb' on input line 1372.
) (/usr/share/texmf-dist/tex/latex/graphics/dvipsnam.def
File: dvipsnam.def 2016/06/17 v3.0m Driver-dependent file (DPC,SPQR)
) (/usr/share/texmf-dist/tex/latex/hyperref/hyperref.sty
Package: hyperref 2026-01-29 v7.01p Hypertext links for LaTeX
 (/usr/share/texmf-dist/tex/latex/graphics/keyval.sty
Package: keyval 2022/05/29 v1.15 key=value parser (DPC)
\KV@toks@=\toks24
) (/usr/share/texmf-dist/tex/latex/kvsetkeys/kvsetkeys.sty
Package: kvsetkeys 2022-10-05 v1.19 Key value parser (HO)
) (/usr/share/texmf-dist/tex/generic/kvdefinekeys/kvdefinekeys.sty
Package: kvdefinekeys 2019-12-19 v1.6 Define keys (HO)
) (/usr/share/texmf-dist/tex/generic/pdfescape/pdfescape.sty
Package: pdfescape 2019/12/09 v1.15 Implements pdfTeX's escape features (HO)
 (/usr/share/texmf-dist/tex/generic/ltxcmds/ltxcmds.sty
Package: ltxcmds 2023-12-04 v1.26 LaTeX kernel commands for general use (HO)
) (/usr/share/texmf-dist/tex/generic/pdftexcmds/pdftexcmds.sty
Package: pdftexcmds 2020-06-27 v0.33 Utility functions of pdfTeX for LuaTeX (HO)
Package pdftexcmds Info: \pdf@primitive is available.
Package pdftexcmds Info: \pdf@ifprimitive is available.
Package pdftexcmds Info: \pdfdraftmode found.
)) (/usr/share/texmf-dist/tex/latex/hycolor/hycolor.sty
Package: hycolor 2020-01-27 v1.10 Color options for hyperref/bookmark (HO)
) (/usr/share/texmf-dist/tex/latex/hyperref/nameref.sty
Package: nameref 2026-01-29 v2.58 Cross-referencing by name of section
 (/usr/share/texmf-dist/tex/latex/refcount/refcount.sty
Package: refcount 2019/12/15 v3.6 Data extraction from label references (HO)
) (/usr/share/texmf-dist/tex/generic/gettitlestring/gettitlestring.sty
Package: gettitlestring 2019/12/15 v1.6 Cleanup title references (HO)
 (/usr/share/texmf-dist/tex/latex/kvoptions/kvoptions.sty
Package: kvoptions 2022-06-15 v3.15 Key value format for package options (HO)
))
\c@section@level=\count288
) (/usr/share/texmf-dist/tex/latex/etoolbox/etoolbox.sty
Package: etoolbox 2025/10/02 v2.5m e-TeX tools for LaTeX (JAW)
\etb@tempcnta=\count289
) (/usr/share/texmf-dist/tex/generic/stringenc/stringenc.sty
Package: stringenc 2019/11/29 v1.12 Convert strings between diff. encodings (HO)
)
\@linkdim=\dimen162
\Hy@linkcounter=\count290
\Hy@pagecounter=\count291
 (/usr/share/texmf-dist/tex/latex/hyperref/pd1enc.def
File: pd1enc.def 2026-01-29 v7.01p Hyperref: PDFDocEncoding definition (HO)
Now handling font encoding PD1 ...
... no UTF-8 mapping file for font encoding PD1
) (/usr/share/texmf-dist/tex/generic/intcalc/intcalc.sty
Package: intcalc 2019/12/15 v1.3 Expandable calculations with integers (HO)
)
\Hy@SavedSpaceFactor=\count292
 (/usr/share/texmf-dist/tex/latex/hyperref/puenc.def
File: puenc.def 2026-01-29 v7.01p Hyperref: PDF Unicode definition (HO)
Now handling font encoding PU ...
... no UTF-8 mapping file for font encoding PU
)
Package hyperref Info: Hyper figures OFF on input line 4201.
Package hyperref Info: Link nesting OFF on input line 4206.
Package hyperref Info: Hyper index ON on input line 4209.
Package hyperref Info: Plain pages OFF on input line 4216.
Package hyperref Info: Backreferencing OFF on input line 4221.
Package hyperref Info: Implicit mode ON; LaTeX internals redefined.
Package hyperref Info: Bookmarks ON on input line 4468.
\c@Hy@tempcnt=\count293
 (/usr/share/texmf-dist/tex/latex/url/url.sty
\Urlmuskip=\muskip17
Package: url 2013/09/16  ver 3.4  Verb mode for urls, etc.
)
LaTeX Info: Redefining \url on input line 4807.
\XeTeXLinkMargin=\dimen163
 (/usr/share/texmf-dist/tex/generic/bitset/bitset.sty
Package: bitset 2019/12/09 v1.3 Handle bit-vector datatype (HO)
 (/usr/share/texmf-dist/tex/generic/bigintcalc/bigintcalc.sty
Package: bigintcalc 2019/12/15 v1.5 Expandable calculations on big integers (HO)
))
\Fld@menulength=\count294
\Field@Width=\dimen164
\Fld@charsize=\dimen165
Package hyperref Info: Hyper figures OFF on input line 6084.
Package hyperref Info: Link nesting OFF on input line 6089.
Package hyperref Info: Hyper index ON on input line 6092.
Package hyperref Info: backreferencing OFF on input line 6099.
Package hyperref Info: Link coloring OFF on input line 6104.
Package hyperref Info: Link coloring with OCG OFF on input line 6109.
Package hyperref Info: PDF/A mode OFF on input line 6114.
\Hy@abspage=\count295
\c@Item=\count296
\c@Hfootnote=\count297
)
Package hyperref Info: Driver (autodetected): hpdftex.
 (/usr/share/texmf-dist/tex/latex/hyperref/hpdftex.def
File: hpdftex.def 2026-01-29 v7.01p Hyperref driver for pdfTeX
\Fld@listcount=\count298
\c@bookmark@seq@number=\count299
 (/usr/share/texmf-dist/tex/latex/rerunfilecheck/rerunfilecheck.sty
Package: rerunfilecheck 2025-06-21 v1.11 Rerun checks for auxiliary files (HO)
 (/usr/share/texmf-dist/tex/generic/uniquecounter/uniquecounter.sty
Package: uniquecounter 2019/12/15 v1.4 Provide unlimited unique counter (HO)
)
Package uniquecounter Info: New unique counter `rerunfilecheck' on input line 284.
)
\Hy@SectionHShift=\skip68
)
(/usr/share/texmf-dist/tex/latex/graphics/graphicx.sty
Package: graphicx 2024/12/31 v1.2e Enhanced LaTeX Graphics (DPC,SPQR)
 (/usr/share/texmf-dist/tex/latex/graphics/graphics.sty
Package: graphics 2024/08/06 v1.4g Standard LaTeX Graphics (DPC,SPQR)
 (/usr/share/texmf-dist/tex/latex/graphics/trig.sty
Package: trig 2023/12/02 v1.11 sin cos tan (DPC)
) (/usr/share/texmf-dist/tex/latex/graphics-cfg/graphics.cfg
File: graphics.cfg 2016/06/04 v1.11 sample graphics configuration
)
Package graphics Info: Driver file: pdftex.def on input line 106.
)
\Gin@req@height=\dimen166
\Gin@req@width=\dimen167
) (/usr/share/texmf-dist/tex/latex/float/float.sty
Package: float 2001/11/08 v1.3d Float enhancements (AL)
\c@float@type=\count300
\float@exts=\toks25
\float@box=\box53
\@float@everytoks=\toks26
\@floatcapt=\box54
) (/usr/share/texmf-dist/tex/generic/babel/babel.sty
Package: babel 2026/02/14 v26.3 The multilingual framework for LuaLaTeX, pdfLaTeX and XeLaTeX
\babel@savecnt=\count301
LaTeX Encoding Info:    Redeclaring text command \ij (encoding OT1) on input line 2078.
LaTeX Encoding Info:    Redeclaring text command \IJ (encoding OT1) on input line 2080.
LaTeX Encoding Info:    Redeclaring text command \ij (encoding T1) on input line 2082.
LaTeX Encoding Info:    Redeclaring text command \IJ (encoding T1) on input line 2083.
LaTeX Encoding Info:    Ignoring declaration for text command \ij (encoding ?) on input line 2084.
LaTeX Encoding Info:    Ignoring declaration for text command \IJ (encoding ?) on input line 2086.
LaTeX Encoding Info:    Ignoring declaration for text command \SS (encoding ?) on input line 2111.
\U@D=\dimen168
\l@unhyphenated=\language4
 (/usr/share/texmf-dist/tex/generic/babel/txtbabel.def)
\bbl@readstream=\read2
\bbl@dirlevel=\count302
 (/usr/share/texmf-dist/tex/generic/babel/locale/it/babel-italian.tex)
Package babel Info: Importing font and identification data for italian
(babel)             from babel-it.ini. Reported on input line 4330.
 (/usr/share/texmf-dist/tex/generic/babel-italian/italian.ldf
Language: italian 2026/01/13 v.1.5.02 Italian support for the babel system
\it@lettering=\count303
\it@doublequoteactive=\count304
\it@ISOcompliance=\count305
))
Package hyperref Info: Option `colorlinks' set `true' on input line 25.
 (/usr/share/texmf-dist/tex/latex/lipsum/lipsum.sty (/usr/share/texmf-dist/tex/latex/l3packages/l3keys2e/l3keys2e.sty (/usr/share/texmf-dist/tex/latex/l3kernel/expl3.sty
Package: expl3 2026-01-19 L3 programming layer (loader) 
 (/usr/share/texmf-dist/tex/latex/l3backend/l3backend-pdftex.def
File: l3backend-pdftex.def 2025-10-09 L3 backend support: PDF output (pdfTeX)
\l__color_backend_stack_int=\count306
))
Package: l3keys2e 2025-10-09 LaTeX2e option processing using LaTeX3 keys
)
Package: lipsum 2021-09-20 v2.7 150 paragraphs of Lorem Ipsum dummy text
\g__lipsum_par_int=\count307
\l__lipsum_a_int=\count308
\l__lipsum_b_int=\count309
 (/usr/share/texmf-dist/tex/latex/lipsum/lipsum.ltd.tex)) (/usr/share/texmf-dist/tex/latex/tools/multicol.sty
Package: multicol 2025/10/21 v2.0b multicolumn formatting (FMi)
\c@tracingmulticols=\count310
\mult@box=\box55
\multicol@leftmargin=\dimen169
\c@unbalance=\count311
\c@collectmore=\count312
\doublecol@number=\count313
\multicoltolerance=\count314
\multicolpretolerance=\count315
\full@width=\dimen170
\page@free=\dimen171
\premulticols=\dimen172
\postmulticols=\dimen173
\multicolsep=\skip69
\multicolbaselineskip=\skip70
\partial@page=\box56
\last@line=\box57
\mc@boxedresult=\box58
\maxbalancingoverflow=\dimen174
\mult@rightbox=\box59
\mult@grightbox=\box60
\mult@firstbox=\box61
\mult@gfirstbox=\box62
\@tempa=\box63
\@tempa=\box64
\@tempa=\box65
\@tempa=\box66
\@tempa=\box67
\@tempa=\box68
\@tempa=\box69
\@tempa=\box70
\@tempa=\box71
\@tempa=\box72
\@tempa=\box73
\@tempa=\box74
\@tempa=\box75
\@tempa=\box76
\@tempa=\box77
\@tempa=\box78
\@tempa=\box79
\@tempa=\box80
\@tempa=\box81
\@tempa=\box82
\@tempa=\box83
\@tempa=\box84
\@tempa=\box85
\@tempa=\box86
\@tempa=\box87
\@tempa=\box88
\@tempa=\box89
\@tempa=\box90
\@tempa=\box91
\@tempa=\box92
\@tempa=\box93
\@tempa=\box94
\@tempa=\box95
\@tempa=\box96
\@tempa=\box97
\@tempa=\box98
\c@minrows=\count316
\c@columnbadness=\count317
\c@finalcolumnbadness=\count318
\last@try=\dimen175
\multicolovershoot=\dimen176
\multicolundershoot=\dimen177
\mult@nat@firstbox=\box99
\colbreak@box=\box100
\mc@col@check@num=\count319
\g__mc_curr_col_int=\count320
) (/usr/share/texmf-dist/tex/latex/amsmath/amsmath.sty
Package: amsmath 2025/07/09 v2.17z AMS math features
\@mathmargin=\skip71

For additional information on amsmath, use the `?' option.
(/usr/share/texmf-dist/tex/latex/amsmath/amstext.sty
Package: amstext 2024/11/17 v2.01 AMS text
 (/usr/share/texmf-dist/tex/latex/amsmath/amsgen.sty
File: amsgen.sty 1999/11/30 v2.0 generic functions
\@emptytoks=\toks27
\ex@=\dimen178
)) (/usr/share/texmf-dist/tex/latex/amsmath/amsbsy.sty
Package: amsbsy 1999/11/29 v1.2d Bold Symbols
\pmbraise@=\dimen179
) (/usr/share/texmf-dist/tex/latex/amsmath/amsopn.sty
Package: amsopn 2022/04/08 v2.04 operator names
)
\inf@bad=\count321
LaTeX Info: Redefining \frac on input line 233.
\uproot@=\count322
\leftroot@=\count323
LaTeX Info: Redefining \overline on input line 398.
LaTeX Info: Redefining \colon on input line 409.
\classnum@=\count324
\DOTSCASE@=\count325
LaTeX Info: Redefining \ldots on input line 495.
LaTeX Info: Redefining \dots on input line 498.
LaTeX Info: Redefining \cdots on input line 619.
\Mathstrutbox@=\box101
\strutbox@=\box102
LaTeX Info: Redefining \big on input line 721.
LaTeX Info: Redefining \Big on input line 722.
LaTeX Info: Redefining \bigg on input line 723.
LaTeX Info: Redefining \Bigg on input line 724.
\big@size=\dimen180
LaTeX Font Info:    Redeclaring font encoding OML on input line 742.
LaTeX Font Info:    Redeclaring font encoding OMS on input line 743.
\macc@depth=\count326
LaTeX Info: Redefining \bmod on input line 904.
LaTeX Info: Redefining \pmod on input line 909.
LaTeX Info: Redefining \smash on input line 939.
LaTeX Info: Redefining \relbar on input line 969.
LaTeX Info: Redefining \Relbar on input line 970.
\c@MaxMatrixCols=\count327
\dotsspace@=\muskip18
\c@parentequation=\count328
\dspbrk@lvl=\count329
\tag@help=\toks28
\row@=\count330
\column@=\count331
\maxfields@=\count332
\andhelp@=\toks29
\eqnshift@=\dimen181
\alignsep@=\dimen182
\tagshift@=\dimen183
\tagwidth@=\dimen184
\totwidth@=\dimen185
\lineht@=\dimen186
\@envbody=\toks30
\multlinegap=\skip72
\multlinetaggap=\skip73
\mathdisplay@stack=\toks31
LaTeX Info: Redefining \[ on input line 2950.
LaTeX Info: Redefining \] on input line 2951.
) (/usr/share/texmf-dist/tex/latex/caption/caption.sty
Package: caption 2023/08/05 v3.6o Customizing captions (AR)
 (/usr/share/texmf-dist/tex/latex/caption/caption3.sty
Package: caption3 2023/07/31 v2.4d caption3 kernel (AR)
\caption@tempdima=\dimen187
\captionmargin=\dimen188
\caption@leftmargin=\dimen189
\caption@rightmargin=\dimen190
\caption@width=\dimen191
\caption@indent=\dimen192
\caption@parindent=\dimen193
\caption@hangindent=\dimen194
Package caption Info: Standard document class detected.
)
\c@caption@flags=\count333
\c@continuedfloat=\count334
Package caption Info: float package is loaded.
Package caption Info: hyperref package is loaded.
) (/usr/share/texmf-dist/tex/latex/parskip/parskip.sty
Package: parskip 2021-03-14 v2.0h non-zero parskip adjustments
) (aux/beta.aux)
\openout1 = `beta.aux'.

LaTeX Font Info:    Checking defaults for OML/cmm/m/it on input line 51.
LaTeX Font Info:    ... okay on input line 51.
LaTeX Font Info:    Checking defaults for OMS/cmsy/m/n on input line 51.
LaTeX Font Info:    ... okay on input line 51.
LaTeX Font Info:    Checking defaults for OT1/cmr/m/n on input line 51.
LaTeX Font Info:    ... okay on input line 51.
LaTeX Font Info:    Checking defaults for T1/cmr/m/n on input line 51.
LaTeX Font Info:    ... okay on input line 51.
LaTeX Font Info:    Checking defaults for TS1/cmr/m/n on input line 51.
LaTeX Font Info:    ... okay on input line 51.
LaTeX Font Info:    Checking defaults for OMX/cmex/m/n on input line 51.
LaTeX Font Info:    ... okay on input line 51.
LaTeX Font Info:    Checking defaults for U/cmr/m/n on input line 51.
LaTeX Font Info:    ... okay on input line 51.
LaTeX Font Info:    Checking defaults for PD1/pdf/m/n on input line 51.
LaTeX Font Info:    ... okay on input line 51.
LaTeX Font Info:    Checking defaults for PU/pdf/m/n on input line 51.
LaTeX Font Info:    ... okay on input line 51.
 (/usr/share/texmf-dist/tex/context/base/mkii/supp-pdf.mkii
[Loading MPS to PDF converter (version 2006.09.02).]
\scratchcounter=\count335
\scratchdimen=\dimen195
\scratchbox=\box103
\nofMPsegments=\count336
\nofMParguments=\count337
\everyMPshowfont=\toks32
\MPscratchCnt=\count338
\MPscratchDim=\dimen196
\MPnumerator=\count339
\makeMPintoPDFobject=\count340
\everyMPtoPDFconversion=\toks33
) (/usr/share/texmf-dist/tex/latex/epstopdf-pkg/epstopdf-base.sty
Package: epstopdf-base 2020-01-24 v2.11 Base part for package epstopdf
Package epstopdf-base Info: Redefining graphics rule for `.eps' on input line 485.
 (/usr/share/texmf-dist/tex/latex/latexconfig/epstopdf-sys.cfg
File: epstopdf-sys.cfg 2010/07/13 v1.3 Configuration of (r)epstopdf for TeX Live
))
Package hyperref Info: Link coloring ON on input line 51.
 (aux/beta.out) (aux/beta.out)
\@outlinefile=\write3
\openout3 = `beta.out'.

LaTeX Info: Redefining \it@ocap on input line 51.
LaTeX Info: Redefining \it@ccap on input line 51.


File italian.ldf warning: 
italian.ldf    With OT1 encoding guillemets are poorly faked
italian.ldf    Use T1 encoding
italian.ldf    or specify a font with command \CaporaliFrom
italian.ldf    See the documentation concerning the babel-italian typesetting
italian.ldf    on input line 51.

Package caption Info: Begin \AtBeginDocument code.
Package caption Info: End \AtBeginDocument code.
(./abstract.tex) (aux/beta.toc)
\tf@toc=\write4
\openout4 = `beta.toc'.



Package fancyhdr Warning: \headheight is too small (12.0pt): 
(fancyhdr)                Make it at least 25.2842pt, for example:
(fancyhdr)                \setlength{\headheight}{25.2842pt}.
(fancyhdr)                You might also make \topmargin smaller:
(fancyhdr)                \addtolength{\topmargin}{-13.2842pt}.

[1{/var/lib/texmf/fonts/map/pdftex/updmap/pdftex.map}

] (./sections/1_sipm.tex
<./fig1/dcr_stair.jpg, id=43, 1775.63374pt x 777.90625pt>
File: ./fig1/dcr_stair.jpg Graphic file (type jpg)
<use ./fig1/dcr_stair.jpg>
Package pdftex.def Info: ./fig1/dcr_stair.jpg  used on input line 20.
(pdftex.def)             Requested size: 396.63496pt x 173.76314pt.


Package fancyhdr Warning: \headheight is too small (12.0pt): 
(fancyhdr)                Make it at least 25.2842pt, for example:
(fancyhdr)                \setlength{\headheight}{25.2842pt}.
(fancyhdr)                You might also make \topmargin smaller:
(fancyhdr)                \addtolength{\topmargin}{-13.2842pt}.

[2 <./fig1/dcr_stair.jpg>]
<./fig1/dcr_17.png, id=58, 1100.11pt x 710.655pt>
File: ./fig1/dcr_17.png Graphic file (type png)
<use ./fig1/dcr_17.png>
Package pdftex.def Info: ./fig1/dcr_17.png  used on input line 36.
(pdftex.def)             Requested size: 230.52122pt x 148.90579pt.
<./fig1/dcr_44.png, id=59, 1100.11pt x 710.655pt>
File: ./fig1/dcr_44.png Graphic file (type png)
<use ./fig1/dcr_44.png>
Package pdftex.def Info: ./fig1/dcr_44.png  used on input line 42.
(pdftex.def)             Requested size: 230.52122pt x 148.90579pt.


Package fancyhdr Warning: \headheight is too small (12.0pt): 
(fancyhdr)                Make it at least 25.2842pt, for example:
(fancyhdr)                \setlength{\headheight}{25.2842pt}.
(fancyhdr)                You might also make \topmargin smaller:
(fancyhdr)                \addtolength{\topmargin}{-13.2842pt}.

[3 <./fig1/dcr_17.png> <./fig1/dcr_44.png>]
<fig1/DCRT.png, id=68, 1100.11pt x 710.655pt>
File: fig1/DCRT.png Graphic file (type png)
<use fig1/DCRT.png>
Package pdftex.def Info: fig1/DCRT.png  used on input line 88.
(pdftex.def)             Requested size: 230.52122pt x 148.90579pt.
<fig1/OCTT.png, id=69, 1100.11pt x 710.655pt>
File: fig1/OCTT.png Graphic file (type png)
<use fig1/OCTT.png>
Package pdftex.def Info: fig1/OCTT.png  used on input line 95.
(pdftex.def)             Requested size: 230.52122pt x 148.90579pt.


Package fancyhdr Warning: \headheight is too small (12.0pt): 
(fancyhdr)                Make it at least 25.2842pt, for example:
(fancyhdr)                \setlength{\headheight}{25.2842pt}.
(fancyhdr)                You might also make \topmargin smaller:
(fancyhdr)                \addtolength{\topmargin}{-13.2842pt}.

[4 <./fig1/DCRT.png> <./fig1/OCTT.png>]
<fig1/led_gsipm.png, id=83, 1100.11pt x 710.655pt>
File: fig1/led_gsipm.png Graphic file (type png)
<use fig1/led_gsipm.png>
Package pdftex.def Info: fig1/led_gsipm.png  used on input line 116.
(pdftex.def)             Requested size: 290.22107pt x 187.47687pt.


Package fancyhdr Warning: \headheight is too small (12.0pt): 
(fancyhdr)                Make it at least 25.2842pt, for example:
(fancyhdr)                \setlength{\headheight}{25.2842pt}.
(fancyhdr)                You might also make \topmargin smaller:
(fancyhdr)                \addtolength{\topmargin}{-13.2842pt}.

[5 <./fig1/led_gsipm.png>]
<fig1/deltapp_G.png, id=98, 1100.11pt x 710.655pt>
File: fig1/deltapp_G.png Graphic file (type png)
<use fig1/deltapp_G.png>
Package pdftex.def Info: fig1/deltapp_G.png  used on input line 139.
(pdftex.def)             Requested size: 232.84843pt x 150.41307pt.


Package fancyhdr Warning: \headheight is too small (12.0pt): 
(fancyhdr)                Make it at least 25.2842pt, for example:
(fancyhdr)                \setlength{\headheight}{25.2842pt}.
(fancyhdr)                You might also make \topmargin smaller:
(fancyhdr)                \addtolength{\topmargin}{-13.2842pt}.

[6 <./fig1/deltapp_G.png>]
<fig1/led_vbias.png, id=114, 1100.11pt x 710.655pt>
File: fig1/led_vbias.png Graphic file (type png)
<use fig1/led_vbias.png>
Package pdftex.def Info: fig1/led_vbias.png  used on input line 179.
(pdftex.def)             Requested size: 218.87808pt x 141.3911pt.

Underfull \hbox (badness 10000) in paragraph at lines 207--208

 []


Package fancyhdr Warning: \headheight is too small (12.0pt): 
(fancyhdr)                Make it at least 25.2842pt, for example:
(fancyhdr)                \setlength{\headheight}{25.2842pt}.
(fancyhdr)                You might also make \topmargin smaller:
(fancyhdr)                \addtolength{\topmargin}{-13.2842pt}.

[7 <./fig1/led_vbias.png>]
<fig1/led_2_5.png, id=124, 1100.11pt x 710.655pt>
File: fig1/led_2_5.png Graphic file (type png)
<use fig1/led_2_5.png>
Package pdftex.def Info: fig1/led_2_5.png  used on input line 215.
(pdftex.def)             Requested size: 314.40001pt x 203.0918pt.


Package fancyhdr Warning: \headheight is too small (12.0pt): 
(fancyhdr)                Make it at least 25.2842pt, for example:
(fancyhdr)                \setlength{\headheight}{25.2842pt}.
(fancyhdr)                You might also make \topmargin smaller:
(fancyhdr)                \addtolength{\topmargin}{-13.2842pt}.

[8 <./fig1/led_2_5.png>]
<fig1/led_area_2_5.png, id=136, 1100.11pt x 710.655pt>
File: fig1/led_area_2_5.png Graphic file (type png)
<use fig1/led_area_2_5.png>
Package pdftex.def Info: fig1/led_area_2_5.png  used on input line 252.
(pdftex.def)             Requested size: 232.84843pt x 150.41307pt.
<fig1/led_var_2_5.png, id=137, 1098.1025pt x 710.655pt>
File: fig1/led_var_2_5.png Graphic file (type png)
<use fig1/led_var_2_5.png>
Package pdftex.def Info: fig1/led_var_2_5.png  used on input line 258.
(pdftex.def)             Requested size: 232.84843pt x 150.68416pt.
) (./sections/2_sorg.tex

Package fancyhdr Warning: \headheight is too small (12.0pt): 
(fancyhdr)                Make it at least 25.2842pt, for example:
(fancyhdr)                \setlength{\headheight}{25.2842pt}.
(fancyhdr)                You might also make \topmargin smaller:
(fancyhdr)                \addtolength{\topmargin}{-13.2842pt}.

[9 <./fig1/led_area_2_5.png> <./fig1/led_var_2_5.png>]
Underfull \hbox (badness 10000) in paragraph at lines 11--14

 []


Package fancyhdr Warning: \headheight is too small (12.0pt): 
(fancyhdr)                Make it at least 25.2842pt, for example:
(fancyhdr)                \setlength{\headheight}{25.2842pt}.
(fancyhdr)                You might also make \topmargin smaller:
(fancyhdr)                \addtolength{\topmargin}{-13.2842pt}.

[10]
<fig2/sr90_tot.png, id=150, 1100.11pt x 710.655pt>
File: fig2/sr90_tot.png Graphic file (type png)
<use fig2/sr90_tot.png>
Package pdftex.def Info: fig2/sr90_tot.png  used on input line 28.
(pdftex.def)             Requested size: 314.40001pt x 203.0918pt.
<fig2/kurie_cen.png, id=152, 1100.11pt x 710.655pt>
File: fig2/kurie_cen.png Graphic file (type png)
<use fig2/kurie_cen.png>
Package pdftex.def Info: fig2/kurie_cen.png  used on input line 46.
(pdftex.def)             Requested size: 314.40001pt x 203.0918pt.


Package fancyhdr Warning: \headheight is too small (12.0pt): 
(fancyhdr)                Make it at least 25.2842pt, for example:
(fancyhdr)                \setlength{\headheight}{25.2842pt}.
(fancyhdr)                You might also make \topmargin smaller:
(fancyhdr)                \addtolength{\topmargin}{-13.2842pt}.

[11 <./fig2/sr90_tot.png>]
<fig2/sr90_max.png, id=164, 1100.11pt x 710.655pt>
File: fig2/sr90_max.png Graphic file (type png)
<use fig2/sr90_max.png>
Package pdftex.def Info: fig2/sr90_max.png  used on input line 63.
(pdftex.def)             Requested size: 309.56569pt x 199.96881pt.


Package fancyhdr Warning: \headheight is too small (12.0pt): 
(fancyhdr)                Make it at least 25.2842pt, for example:
(fancyhdr)                \setlength{\headheight}{25.2842pt}.
(fancyhdr)                You might also make \topmargin smaller:
(fancyhdr)                \addtolength{\topmargin}{-13.2842pt}.

[12 <./fig2/kurie_cen.png> <./fig2/sr90_max.png>]
<fig2/kurie_decen.png, id=173, 1100.11pt x 710.655pt>
File: fig2/kurie_decen.png Graphic file (type png)
<use fig2/kurie_decen.png>
Package pdftex.def Info: fig2/kurie_decen.png  used on input line 81.
(pdftex.def)             Requested size: 338.58632pt x 218.71759pt.

Underfull \hbox (badness 10000) in paragraph at lines 87--89

 []


Package fancyhdr Warning: \headheight is too small (12.0pt): 
(fancyhdr)                Make it at least 25.2842pt, for example:
(fancyhdr)                \setlength{\headheight}{25.2842pt}.
(fancyhdr)                You might also make \topmargin smaller:
(fancyhdr)                \addtolength{\topmargin}{-13.2842pt}.

[13 <./fig2/kurie_decen.png>]
Underfull \hbox (badness 10000) in paragraph at lines 103--106

 []

<fig2/ass_carta.png, id=184, 1100.11pt x 709.65125pt>
File: fig2/ass_carta.png Graphic file (type png)
<use fig2/ass_carta.png>
Package pdftex.def Info: fig2/ass_carta.png  used on input line 108.
(pdftex.def)             Requested size: 232.84843pt x 150.20062pt.

Package fancyhdr Warning: \headheight is too small (12.0pt): 
(fancyhdr)                Make it at least 25.2842pt, for example:
(fancyhdr)                \setlength{\headheight}{25.2842pt}.
(fancyhdr)                You might also make \topmargin smaller:
(fancyhdr)                \addtolength{\topmargin}{-13.2842pt}.

[14 <./fig2/ass_carta.png>]
Underfull \hbox (badness 10000) in paragraph at lines 141--144

 []

<fig2/ass_all.png, id=197, 1100.11pt x 709.65125pt>
File: fig2/ass_all.png Graphic file (type png)
<use fig2/ass_all.png>
Package pdftex.def Info: fig2/ass_all.png  used on input line 148.
(pdftex.def)             Requested size: 232.84843pt x 150.20062pt.

Package fancyhdr Warning: \headheight is too small (12.0pt): 
(fancyhdr)                Make it at least 25.2842pt, for example:
(fancyhdr)                \setlength{\headheight}{25.2842pt}.
(fancyhdr)                You might also make \topmargin smaller:
(fancyhdr)                \addtolength{\topmargin}{-13.2842pt}.

[15 <./fig2/ass_all.png>]
<fig2/cs137_conv_int.png, id=207, 1100.11pt x 710.655pt>
File: fig2/cs137_conv_int.png Graphic file (type png)
<use fig2/cs137_conv_int.png>
Package pdftex.def Info: fig2/cs137_conv_int.png  used on input line 198.
(pdftex.def)             Requested size: 362.77264pt x 234.34337pt.


Package fancyhdr Warning: \headheight is too small (12.0pt): 
(fancyhdr)                Make it at least 25.2842pt, for example:
(fancyhdr)                \setlength{\headheight}{25.2842pt}.
(fancyhdr)                You might also make \topmargin smaller:
(fancyhdr)                \addtolength{\topmargin}{-13.2842pt}.

[16 <./fig2/cs137_conv_int.png>]
<fig2/cs137_Tmax.png, id=218, 1100.11pt x 710.655pt>
File: fig2/cs137_Tmax.png Graphic file (type png)
<use fig2/cs137_Tmax.png>
Package pdftex.def Info: fig2/cs137_Tmax.png  used on input line 223.
(pdftex.def)             Requested size: 314.40001pt x 203.0918pt.


Package fancyhdr Warning: \headheight is too small (12.0pt): 
(fancyhdr)                Make it at least 25.2842pt, for example:
(fancyhdr)                \setlength{\headheight}{25.2842pt}.
(fancyhdr)                You might also make \topmargin smaller:
(fancyhdr)                \addtolength{\topmargin}{-13.2842pt}.

[17 <./fig2/cs137_Tmax.png>]
<fig2/fit_picchi.png, id=227, 1302.8675pt x 709.65125pt>
File: fig2/fit_picchi.png Graphic file (type png)
<use fig2/fit_picchi.png>
Package pdftex.def Info: fig2/fit_picchi.png  used on input line 241.
(pdftex.def)             Requested size: 396.63496pt x 216.03725pt.
) (./sections/3_cosmici.tex

Package fancyhdr Warning: \headheight is too small (12.0pt): 
(fancyhdr)                Make it at least 25.2842pt, for example:
(fancyhdr)                \setlength{\headheight}{25.2842pt}.
(fancyhdr)                You might also make \topmargin smaller:
(fancyhdr)                \addtolength{\topmargin}{-13.2842pt}.

[18 <./fig2/fit_picchi.png>]
Underfull \hbox (badness 10000) in paragraph at lines 23--24

 []

<fig2/raggi.png, id=239, 1100.11pt x 709.65125pt>
File: fig2/raggi.png Graphic file (type png)
<use fig2/raggi.png>
Package pdftex.def Info: fig2/raggi.png  used on input line 27.
(pdftex.def)             Requested size: 299.8897pt x 193.44922pt.

Package fancyhdr Warning: \headheight is too small (12.0pt): 
(fancyhdr)                Make it at least 25.2842pt, for example:
(fancyhdr)                \setlength{\headheight}{25.2842pt}.
(fancyhdr)                You might also make \topmargin smaller:
(fancyhdr)                \addtolength{\topmargin}{-13.2842pt}.

[19 <./fig2/raggi.png>]
<fig2/raggi_zoom.png, id=248, 1100.11pt x 709.65125pt>
File: fig2/raggi_zoom.png Graphic file (type png)
<use fig2/raggi_zoom.png>
Package pdftex.def Info: fig2/raggi_zoom.png  used on input line 39.
(pdftex.def)             Requested size: 314.40001pt x 202.80495pt.

Underfull \hbox (badness 10000) in paragraph at lines 47--53

 []


Package fancyhdr Warning: \headheight is too small (12.0pt): 
(fancyhdr)                Make it at least 25.2842pt, for example:
(fancyhdr)                \setlength{\headheight}{25.2842pt}.
(fancyhdr)                You might also make \topmargin smaller:
(fancyhdr)                \addtolength{\topmargin}{-13.2842pt}.

[20 <./fig2/raggi_zoom.png>]) (./sections/4_conclusioni.tex

Package fancyhdr Warning: \headheight is too small (12.0pt): 
(fancyhdr)                Make it at least 25.2842pt, for example:
(fancyhdr)                \setlength{\headheight}{25.2842pt}.
(fancyhdr)                You might also make \topmargin smaller:
(fancyhdr)                \addtolength{\topmargin}{-13.2842pt}.

[21]) (./sections/5_appendice.tex

Package fancyhdr Warning: \headheight is too small (12.0pt): 
(fancyhdr)                Make it at least 25.2842pt, for example:
(fancyhdr)                \setlength{\headheight}{25.2842pt}.
(fancyhdr)                You might also make \topmargin smaller:
(fancyhdr)                \addtolength{\topmargin}{-13.2842pt}.

[22]
<appendice/dcr_l19.png, id=262, 1100.11pt x 710.655pt>
File: appendice/dcr_l19.png Graphic file (type png)
<use appendice/dcr_l19.png>
Package pdftex.def Info: appendice/dcr_l19.png  used on input line 16.
(pdftex.def)             Requested size: 230.52122pt x 148.90579pt.
<appendice/dcr_h19.png, id=263, 1100.11pt x 710.655pt>
File: appendice/dcr_h19.png Graphic file (type png)
<use appendice/dcr_h19.png>
Package pdftex.def Info: appendice/dcr_h19.png  used on input line 23.
(pdftex.def)             Requested size: 230.52122pt x 148.90579pt.
<appendice/dcr_l21.png, id=264, 1100.11pt x 710.655pt>
File: appendice/dcr_l21.png Graphic file (type png)
<use appendice/dcr_l21.png>
Package pdftex.def Info: appendice/dcr_l21.png  used on input line 32.
(pdftex.def)             Requested size: 230.52122pt x 148.90579pt.
<appendice/dcr_h21.png, id=265, 1100.11pt x 710.655pt>
File: appendice/dcr_h21.png Graphic file (type png)
<use appendice/dcr_h21.png>
Package pdftex.def Info: appendice/dcr_h21.png  used on input line 39.
(pdftex.def)             Requested size: 230.52122pt x 148.90579pt.
<appendice/dcr_l22.png, id=266, 1100.11pt x 710.655pt>
File: appendice/dcr_l22.png Graphic file (type png)
<use appendice/dcr_l22.png>
Package pdftex.def Info: appendice/dcr_l22.png  used on input line 48.
(pdftex.def)             Requested size: 230.52122pt x 148.90579pt.
<appendice/dcr_h22.png, id=267, 1100.11pt x 710.655pt>
File: appendice/dcr_h22.png Graphic file (type png)
<use appendice/dcr_h22.png>
Package pdftex.def Info: appendice/dcr_h22.png  used on input line 55.
(pdftex.def)             Requested size: 230.52122pt x 148.90579pt.


Package fancyhdr Warning: \headheight is too small (12.0pt): 
(fancyhdr)                Make it at least 25.2842pt, for example:
(fancyhdr)                \setlength{\headheight}{25.2842pt}.
(fancyhdr)                You might also make \topmargin smaller:
(fancyhdr)                \addtolength{\topmargin}{-13.2842pt}.

[23 <./appendice/dcr_l19.png> <./appendice/dcr_h19.png> <./appendice/dcr_l21.png> <./appendice/dcr_h21.png> <./appendice/dcr_l22.png> <./appendice/dcr_h22.png>]
<appendice/dcr_l23.png, id=279, 1100.11pt x 710.655pt>
File: appendice/dcr_l23.png Graphic file (type png)
<use appendice/dcr_l23.png>
Package pdftex.def Info: appendice/dcr_l23.png  used on input line 64.
(pdftex.def)             Requested size: 230.52122pt x 148.90579pt.
<appendice/dcr_h23.png, id=280, 1100.11pt x 710.655pt>
File: appendice/dcr_h23.png Graphic file (type png)
<use appendice/dcr_h23.png>
Package pdftex.def Info: appendice/dcr_h23.png  used on input line 71.
(pdftex.def)             Requested size: 230.52122pt x 148.90579pt.
<appendice/dcr_l23_3.png, id=281, 1100.11pt x 710.655pt>
File: appendice/dcr_l23_3.png Graphic file (type png)
<use appendice/dcr_l23_3.png>
Package pdftex.def Info: appendice/dcr_l23_3.png  used on input line 80.
(pdftex.def)             Requested size: 230.52122pt x 148.90579pt.
<appendice/dcr_h23_3.png, id=282, 1100.11pt x 710.655pt>
File: appendice/dcr_h23_3.png Graphic file (type png)
<use appendice/dcr_h23_3.png>
Package pdftex.def Info: appendice/dcr_h23_3.png  used on input line 87.
(pdftex.def)             Requested size: 230.52122pt x 148.90579pt.
<appendice/dcr_l23_6.png, id=283, 1100.11pt x 710.655pt>
File: appendice/dcr_l23_6.png Graphic file (type png)
<use appendice/dcr_l23_6.png>
Package pdftex.def Info: appendice/dcr_l23_6.png  used on input line 96.
(pdftex.def)             Requested size: 230.52122pt x 148.90579pt.
<appendice/dcr_h23_6.png, id=284, 1100.11pt x 710.655pt>
File: appendice/dcr_h23_6.png Graphic file (type png)
<use appendice/dcr_h23_6.png>
Package pdftex.def Info: appendice/dcr_h23_6.png  used on input line 103.
(pdftex.def)             Requested size: 230.52122pt x 148.90579pt.


Package fancyhdr Warning: \headheight is too small (12.0pt): 
(fancyhdr)                Make it at least 25.2842pt, for example:
(fancyhdr)                \setlength{\headheight}{25.2842pt}.
(fancyhdr)                You might also make \topmargin smaller:
(fancyhdr)                \addtolength{\topmargin}{-13.2842pt}.

[24 <./appendice/dcr_l23.png> <./appendice/dcr_h23.png> <./appendice/dcr_l23_3.png> <./appendice/dcr_h23_3.png> <./appendice/dcr_l23_6.png> <./appendice/dcr_h23_6.png>]
<appendice/dcr_l23_9.png, id=296, 1100.11pt x 710.655pt>
File: appendice/dcr_l23_9.png Graphic file (type png)
<use appendice/dcr_l23_9.png>
Package pdftex.def Info: appendice/dcr_l23_9.png  used on input line 113.
(pdftex.def)             Requested size: 230.52122pt x 148.90579pt.
<appendice/dcr_h23_9.png, id=297, 1100.11pt x 710.655pt>
File: appendice/dcr_h23_9.png Graphic file (type png)
<use appendice/dcr_h23_9.png>
Package pdftex.def Info: appendice/dcr_h23_9.png  used on input line 120.
(pdftex.def)             Requested size: 230.52122pt x 148.90579pt.
<appendice/gain25.png, id=298, 1100.11pt x 710.655pt>
File: appendice/gain25.png Graphic file (type png)
<use appendice/gain25.png>
Package pdftex.def Info: appendice/gain25.png  used on input line 153.
(pdftex.def)             Requested size: 230.52122pt x 148.90579pt.
<appendice/gain27.png, id=299, 1100.11pt x 710.655pt>
File: appendice/gain27.png Graphic file (type png)
<use appendice/gain27.png>
Package pdftex.def Info: appendice/gain27.png  used on input line 158.
(pdftex.def)             Requested size: 230.52122pt x 148.90579pt.


Package fancyhdr Warning: \headheight is too small (12.0pt): 
(fancyhdr)                Make it at least 25.2842pt, for example:
(fancyhdr)                \setlength{\headheight}{25.2842pt}.
(fancyhdr)                You might also make \topmargin smaller:
(fancyhdr)                \addtolength{\topmargin}{-13.2842pt}.

[25 <./appendice/dcr_l23_9.png> <./appendice/dcr_h23_9.png> <./appendice/gain25.png> <./appendice/gain27.png>]
<appendice/gain29.png, id=311, 1100.11pt x 710.655pt>
File: appendice/gain29.png Graphic file (type png)
<use appendice/gain29.png>
Package pdftex.def Info: appendice/gain29.png  used on input line 166.
(pdftex.def)             Requested size: 230.52122pt x 148.90579pt.
<appendice/gain31.png, id=312, 1100.11pt x 710.655pt>
File: appendice/gain31.png Graphic file (type png)
<use appendice/gain31.png>
Package pdftex.def Info: appendice/gain31.png  used on input line 171.
(pdftex.def)             Requested size: 230.52122pt x 148.90579pt.
<appendice/gain33.png, id=313, 1100.11pt x 710.655pt>
File: appendice/gain33.png Graphic file (type png)
<use appendice/gain33.png>
Package pdftex.def Info: appendice/gain33.png  used on input line 179.
(pdftex.def)             Requested size: 230.52122pt x 148.90579pt.
<appendice/gain35.png, id=314, 1100.11pt x 710.655pt>
File: appendice/gain35.png Graphic file (type png)
<use appendice/gain35.png>
Package pdftex.def Info: appendice/gain35.png  used on input line 184.
(pdftex.def)             Requested size: 230.52122pt x 148.90579pt.
<appendice/V53.png, id=315, 1100.11pt x 710.655pt>
File: appendice/V53.png Graphic file (type png)
<use appendice/V53.png>
Package pdftex.def Info: appendice/V53.png  used on input line 193.
(pdftex.def)             Requested size: 230.52122pt x 148.90579pt.
<appendice/V54.png, id=316, 1100.11pt x 710.655pt>
File: appendice/V54.png Graphic file (type png)
<use appendice/V54.png>
Package pdftex.def Info: appendice/V54.png  used on input line 198.
(pdftex.def)             Requested size: 230.52122pt x 148.90579pt.


Package fancyhdr Warning: \headheight is too small (12.0pt): 
(fancyhdr)                Make it at least 25.2842pt, for example:
(fancyhdr)                \setlength{\headheight}{25.2842pt}.
(fancyhdr)                You might also make \topmargin smaller:
(fancyhdr)                \addtolength{\topmargin}{-13.2842pt}.

[26 <./appendice/gain29.png> <./appendice/gain31.png> <./appendice/gain33.png> <./appendice/gain35.png> <./appendice/V53.png> <./appendice/V54.png>]
<appendice/V55.png, id=328, 1100.11pt x 710.655pt>
File: appendice/V55.png Graphic file (type png)
<use appendice/V55.png>
Package pdftex.def Info: appendice/V55.png  used on input line 206.
(pdftex.def)             Requested size: 230.52122pt x 148.90579pt.
<appendice/V56.png, id=329, 1100.11pt x 710.655pt>
File: appendice/V56.png Graphic file (type png)
<use appendice/V56.png>
Package pdftex.def Info: appendice/V56.png  used on input line 211.
(pdftex.def)             Requested size: 230.52122pt x 148.90579pt.
<appendice/V57.png, id=330, 1100.11pt x 710.655pt>
File: appendice/V57.png Graphic file (type png)
<use appendice/V57.png>
Package pdftex.def Info: appendice/V57.png  used on input line 218.
(pdftex.def)             Requested size: 230.52122pt x 148.90579pt.


Package fancyhdr Warning: \headheight is too small (12.0pt): 
(fancyhdr)                Make it at least 25.2842pt, for example:
(fancyhdr)                \setlength{\headheight}{25.2842pt}.
(fancyhdr)                You might also make \topmargin smaller:
(fancyhdr)                \addtolength{\topmargin}{-13.2842pt}.

[27 <./appendice/V55.png> <./appendice/V56.png> <./appendice/V57.png>]
<appendice/i2_0.png, id=339, 1100.11pt x 710.655pt>
File: appendice/i2_0.png Graphic file (type png)
<use appendice/i2_0.png>
Package pdftex.def Info: appendice/i2_0.png  used on input line 246.
(pdftex.def)             Requested size: 230.52122pt x 148.90579pt.
<appendice/i2_8.png, id=340, 1100.11pt x 710.655pt>
File: appendice/i2_8.png Graphic file (type png)
<use appendice/i2_8.png>
Package pdftex.def Info: appendice/i2_8.png  used on input line 251.
(pdftex.def)             Requested size: 230.52122pt x 148.90579pt.
<appendice/pois2_0.png, id=341, 1100.11pt x 710.655pt>
File: appendice/pois2_0.png Graphic file (type png)
<use appendice/pois2_0.png>
Package pdftex.def Info: appendice/pois2_0.png  used on input line 261.
(pdftex.def)             Requested size: 230.52122pt x 148.90579pt.
<appendice/pois2_8.png, id=342, 1100.11pt x 710.655pt>
File: appendice/pois2_8.png Graphic file (type png)
<use appendice/pois2_8.png>
Package pdftex.def Info: appendice/pois2_8.png  used on input line 267.
(pdftex.def)             Requested size: 230.52122pt x 148.90579pt.
<appendice/sigma2_0.png, id=343, 1100.11pt x 710.655pt>
File: appendice/sigma2_0.png Graphic file (type png)
<use appendice/sigma2_0.png>
Package pdftex.def Info: appendice/sigma2_0.png  used on input line 275.
(pdftex.def)             Requested size: 230.52122pt x 148.90579pt.
<appendice/sigma2_8.png, id=344, 1098.1025pt x 711.65875pt>
File: appendice/sigma2_8.png Graphic file (type png)
<use appendice/sigma2_8.png>
Package pdftex.def Info: appendice/sigma2_8.png  used on input line 281.
(pdftex.def)             Requested size: 230.52122pt x 149.38759pt.


Package fancyhdr Warning: \headheight is too small (12.0pt): 
(fancyhdr)                Make it at least 25.2842pt, for example:
(fancyhdr)                \setlength{\headheight}{25.2842pt}.
(fancyhdr)                You might also make \topmargin smaller:
(fancyhdr)                \addtolength{\topmargin}{-13.2842pt}.

[28 <./appendice/i2_0.png> <./appendice/i2_8.png> <./appendice/pois2_0.png> <./appendice/pois2_8.png> <./appendice/sigma2_0.png> <./appendice/sigma2_8.png>]
<appendice/carta/c0.png, id=355, 1100.11pt x 709.65125pt>
File: appendice/carta/c0.png Graphic file (type png)
<use appendice/carta/c0.png>
Package pdftex.def Info: appendice/carta/c0.png  used on input line 296.
(pdftex.def)             Requested size: 230.52122pt x 148.69548pt.
<appendice/carta/c1.png, id=356, 1100.11pt x 709.65125pt>
File: appendice/carta/c1.png Graphic file (type png)
<use appendice/carta/c1.png>
Package pdftex.def Info: appendice/carta/c1.png  used on input line 302.
(pdftex.def)             Requested size: 230.52122pt x 148.69548pt.
<appendice/carta/c2.png, id=357, 1100.11pt x 709.65125pt>
File: appendice/carta/c2.png Graphic file (type png)
<use appendice/carta/c2.png>
Package pdftex.def Info: appendice/carta/c2.png  used on input line 310.
(pdftex.def)             Requested size: 230.52122pt x 148.69548pt.
<appendice/carta/c3.png, id=358, 1100.11pt x 709.65125pt>
File: appendice/carta/c3.png Graphic file (type png)
<use appendice/carta/c3.png>
Package pdftex.def Info: appendice/carta/c3.png  used on input line 316.
(pdftex.def)             Requested size: 230.52122pt x 148.69548pt.
<appendice/carta/c4.png, id=359, 1100.11pt x 709.65125pt>
File: appendice/carta/c4.png Graphic file (type png)
<use appendice/carta/c4.png>
Package pdftex.def Info: appendice/carta/c4.png  used on input line 324.
(pdftex.def)             Requested size: 230.52122pt x 148.69548pt.
<appendice/carta/c5.png, id=360, 1100.11pt x 709.65125pt>
File: appendice/carta/c5.png Graphic file (type png)
<use appendice/carta/c5.png>
Package pdftex.def Info: appendice/carta/c5.png  used on input line 330.
(pdftex.def)             Requested size: 230.52122pt x 148.69548pt.


Package fancyhdr Warning: \headheight is too small (12.0pt): 
(fancyhdr)                Make it at least 25.2842pt, for example:
(fancyhdr)                \setlength{\headheight}{25.2842pt}.
(fancyhdr)                You might also make \topmargin smaller:
(fancyhdr)                \addtolength{\topmargin}{-13.2842pt}.

[29 <./appendice/carta/c0.png> <./appendice/carta/c1.png> <./appendice/carta/c2.png> <./appendice/carta/c3.png> <./appendice/carta/c4.png> <./appendice/carta/c5.png>]
<appendice/carta/c6.png, id=373, 1100.11pt x 709.65125pt>
File: appendice/carta/c6.png Graphic file (type png)
<use appendice/carta/c6.png>
Package pdftex.def Info: appendice/carta/c6.png  used on input line 339.
(pdftex.def)             Requested size: 230.52122pt x 148.69548pt.
<appendice/carta/c7.png, id=374, 1100.11pt x 709.65125pt>
File: appendice/carta/c7.png Graphic file (type png)
<use appendice/carta/c7.png>
Package pdftex.def Info: appendice/carta/c7.png  used on input line 345.
(pdftex.def)             Requested size: 230.52122pt x 148.69548pt.
<appendice/alluminio/p0.png, id=375, 1100.11pt x 709.65125pt>
File: appendice/alluminio/p0.png Graphic file (type png)
<use appendice/alluminio/p0.png>
Package pdftex.def Info: appendice/alluminio/p0.png  used on input line 356.
(pdftex.def)             Requested size: 230.52122pt x 148.69548pt.
<appendice/alluminio/p1.png, id=376, 1100.11pt x 709.65125pt>
File: appendice/alluminio/p1.png Graphic file (type png)
<use appendice/alluminio/p1.png>
Package pdftex.def Info: appendice/alluminio/p1.png  used on input line 362.
(pdftex.def)             Requested size: 230.52122pt x 148.69548pt.
<appendice/alluminio/p2.png, id=377, 1100.11pt x 709.65125pt>
File: appendice/alluminio/p2.png Graphic file (type png)
<use appendice/alluminio/p2.png>
Package pdftex.def Info: appendice/alluminio/p2.png  used on input line 370.
(pdftex.def)             Requested size: 230.52122pt x 148.69548pt.
<appendice/alluminio/p3.png, id=378, 1100.11pt x 709.65125pt>
File: appendice/alluminio/p3.png Graphic file (type png)
<use appendice/alluminio/p3.png>
Package pdftex.def Info: appendice/alluminio/p3.png  used on input line 376.
(pdftex.def)             Requested size: 230.52122pt x 148.69548pt.


Package fancyhdr Warning: \headheight is too small (12.0pt): 
(fancyhdr)                Make it at least 25.2842pt, for example:
(fancyhdr)                \setlength{\headheight}{25.2842pt}.
(fancyhdr)                You might also make \topmargin smaller:
(fancyhdr)                \addtolength{\topmargin}{-13.2842pt}.

[30 <./appendice/carta/c6.png> <./appendice/carta/c7.png> <./appendice/alluminio/p0.png> <./appendice/alluminio/p1.png> <./appendice/alluminio/p2.png> <./appendice/alluminio/p3.png>]
<appendice/alluminio/p4.png, id=390, 1100.11pt x 709.65125pt>
File: appendice/alluminio/p4.png Graphic file (type png)
<use appendice/alluminio/p4.png>
Package pdftex.def Info: appendice/alluminio/p4.png  used on input line 385.
(pdftex.def)             Requested size: 230.52122pt x 148.69548pt.
<appendice/alluminio/p5.png, id=391, 1100.11pt x 709.65125pt>
File: appendice/alluminio/p5.png Graphic file (type png)
<use appendice/alluminio/p5.png>
Package pdftex.def Info: appendice/alluminio/p5.png  used on input line 391.
(pdftex.def)             Requested size: 230.52122pt x 148.69548pt.
<appendice/alluminio/p6.png, id=392, 1100.11pt x 709.65125pt>
File: appendice/alluminio/p6.png Graphic file (type png)
<use appendice/alluminio/p6.png>
Package pdftex.def Info: appendice/alluminio/p6.png  used on input line 401.
(pdftex.def)             Requested size: 230.52122pt x 148.69548pt.
<appendice/alluminio/p7.png, id=393, 1100.11pt x 709.65125pt>
File: appendice/alluminio/p7.png Graphic file (type png)
<use appendice/alluminio/p7.png>
Package pdftex.def Info: appendice/alluminio/p7.png  used on input line 407.
(pdftex.def)             Requested size: 230.52122pt x 148.69548pt.


Package fancyhdr Warning: \headheight is too small (12.0pt): 
(fancyhdr)                Make it at least 25.2842pt, for example:
(fancyhdr)                \setlength{\headheight}{25.2842pt}.
(fancyhdr)                You might also make \topmargin smaller:
(fancyhdr)                \addtolength{\topmargin}{-13.2842pt}.

[31 <./appendice/alluminio/p4.png> <./appendice/alluminio/p5.png> <./appendice/alluminio/p6.png> <./appendice/alluminio/p7.png>])

Package fancyhdr Warning: \headheight is too small (12.0pt): 
(fancyhdr)                Make it at least 25.2842pt, for example:
(fancyhdr)                \setlength{\headheight}{25.2842pt}.
(fancyhdr)                You might also make \topmargin smaller:
(fancyhdr)                \addtolength{\topmargin}{-13.2842pt}.

[32] (aux/beta.aux)
 ***********
LaTeX2e <2025-11-01>
L3 programming layer <2026-01-19>
 ***********
Package rerunfilecheck Info: File `beta.out' has not changed.
(rerunfilecheck)             Checksum: D41D8CD98F00B204E9800998ECF8427E;0.
 ) 
Here is how much of TeX's memory you used:
 14491 strings out of 469504
 238767 string characters out of 5470380
 764387 words of memory out of 5000000
 42794 multiletter control sequences out of 15000+600000
 639142 words of font info for 79 fonts, out of 8000000 for 9000
 14 hyphenation exceptions out of 8191
 75i,15n,84p,1553b,521s stack positions out of 10000i,1000n,20000p,200000b,200000s
</usr/share/texmf-dist/fonts/type1/public/amsfonts/cm/cmbx10.pfb></usr/share/texmf-dist/fonts/type1/public/amsfonts/cm/cmbx12.pfb></usr/share/texmf-dist/fonts/type1/public/amsfonts/cm/cmbx8.pfb></usr/share/texmf-dist/fonts/type1/public/amsfonts/cm/cmbxti10.pfb></usr/share/texmf-dist/fonts/type1/public/amsfonts/cm/cmex10.pfb></usr/share/texmf-dist/fonts/type1/public/amsfonts/cm/cmmi10.pfb></usr/share/texmf-dist/fonts/type1/public/amsfonts/cm/cmmi12.pfb></usr/share/texmf-dist/fonts/type1/public/amsfonts/cm/cmmi7.pfb></usr/share/texmf-dist/fonts/type1/public/amsfonts/cm/cmmi8.pfb></usr/share/texmf-dist/fonts/type1/public/amsfonts/cm/cmr10.pfb></usr/share/texmf-dist/fonts/type1/public/amsfonts/cm/cmr12.pfb></usr/share/texmf-dist/fonts/type1/public/amsfonts/cm/cmr6.pfb></usr/share/texmf-dist/fonts/type1/public/amsfonts/cm/cmr7.pfb></usr/share/texmf-dist/fonts/type1/public/amsfonts/cm/cmr8.pfb></usr/share/texmf-dist/fonts/type1/public/amsfonts/cm/cmsy10.pfb></usr/share/texmf-dist/fonts/type1/public/amsfonts/cm/cmsy7.pfb></usr/share/texmf-dist/fonts/type1/public/amsfonts/cm/cmsy8.pfb></usr/share/texmf-dist/fonts/type1/public/amsfonts/cm/cmti10.pfb></usr/share/texmf-dist/fonts/type1/public/amsfonts/cm/cmti12.pfb>
Output written on aux/beta.pdf (32 pages, 1810623 bytes).
PDF statistics:
 524 PDF objects out of 1000 (max. 8388607)
 377 compressed objects within 4 object streams
 162 named destinations out of 1000 (max. 500000)
 346 words of extra memory for PDF output out of 10000 (max. 10000000)

